<?xml version="1.0" encoding="UTF-8"?>
<testsuite name="com.javastates.MiniServer.Member.MemberTest" tests="1" skipped="0" failures="0" errors="0" timestamp="2021-06-21T08:03:28" hostname="codestatesui-MacBookPro.local" time="0.065">
  <properties/>
  <testcase name="Check Create Member" classname="com.javastates.MiniServer.Member.MemberTest" time="0.065"/>
  <system-out><![CDATA[]]></system-out>
  <system-err><![CDATA[]]></system-err>
</testsuite>
